d:\cse687\project3\messagepassing\messagepassing\server2\debug\vc120.pdb
d:\cse687\project3\messagepassing\messagepassing\server2\debug\vc120.idb
d:\cse687\project3\messagepassing\messagepassing\server2\debug\apphelpers.obj
d:\cse687\project3\messagepassing\messagepassing\server2\debug\cpp11-blockingqueue.obj
d:\cse687\project3\messagepassing\messagepassing\server2\debug\message.obj
d:\cse687\project3\messagepassing\messagepassing\server2\debug\qserver.obj
d:\cse687\project3\messagepassing\messagepassing\server2\debug\receiver.obj
d:\cse687\project3\messagepassing\messagepassing\server2\debug\sender.obj
d:\cse687\project3\messagepassing\messagepassing\server2\debug\sockets.obj
d:\cse687\project3\messagepassing\messagepassing\server2\debug\server2.obj
d:\cse687\project3\messagepassing\messagepassing\server2\debug\windowshelpers.obj
d:\cse687\project3\messagepassing\messagepassing\debug\server2.ilk
d:\cse687\project3\messagepassing\messagepassing\debug\server2.exe
d:\cse687\project3\messagepassing\messagepassing\debug\server2.pdb
d:\cse687\project3\messagepassing\messagepassing\server2\debug\server2.tlog\cl.command.1.tlog
d:\cse687\project3\messagepassing\messagepassing\server2\debug\server2.tlog\cl.read.1.tlog
d:\cse687\project3\messagepassing\messagepassing\server2\debug\server2.tlog\cl.write.1.tlog
d:\cse687\project3\messagepassing\messagepassing\server2\debug\server2.tlog\link.command.1.tlog
d:\cse687\project3\messagepassing\messagepassing\server2\debug\server2.tlog\link.read.1.tlog
d:\cse687\project3\messagepassing\messagepassing\server2\debug\server2.tlog\link.write.1.tlog
