d:\cse687\project3\messagepassing\messagepassing\server1\debug\vc120.pdb
d:\cse687\project3\messagepassing\messagepassing\server1\debug\vc120.idb
d:\cse687\project3\messagepassing\messagepassing\server1\debug\apphelpers.obj
d:\cse687\project3\messagepassing\messagepassing\server1\debug\cpp11-blockingqueue.obj
d:\cse687\project3\messagepassing\messagepassing\server1\debug\message.obj
d:\cse687\project3\messagepassing\messagepassing\server1\debug\qserver.obj
d:\cse687\project3\messagepassing\messagepassing\server1\debug\receiver.obj
d:\cse687\project3\messagepassing\messagepassing\server1\debug\sender.obj
d:\cse687\project3\messagepassing\messagepassing\server1\debug\sockets.obj
d:\cse687\project3\messagepassing\messagepassing\server1\debug\server1.obj
d:\cse687\project3\messagepassing\messagepassing\server1\debug\windowshelpers.obj
d:\cse687\project3\messagepassing\messagepassing\debug\server1.ilk
d:\cse687\project3\messagepassing\messagepassing\debug\server1.exe
d:\cse687\project3\messagepassing\messagepassing\debug\server1.pdb
d:\cse687\project3\messagepassing\messagepassing\server1\debug\server1.tlog\cl.command.1.tlog
d:\cse687\project3\messagepassing\messagepassing\server1\debug\server1.tlog\cl.read.1.tlog
d:\cse687\project3\messagepassing\messagepassing\server1\debug\server1.tlog\cl.write.1.tlog
d:\cse687\project3\messagepassing\messagepassing\server1\debug\server1.tlog\link.command.1.tlog
d:\cse687\project3\messagepassing\messagepassing\server1\debug\server1.tlog\link.read.1.tlog
d:\cse687\project3\messagepassing\messagepassing\server1\debug\server1.tlog\link.write.1.tlog
